{"/Users/kolaadebayo/Desktop/FULLSTACK/web/TicketYoga/backend/src/database/index.ts": {"path":"/Users/kolaadebayo/Desktop/FULLSTACK/web/TicketYoga/backend/src/database/index.ts","statementMap":{"0":{"start":{"line":1,"column":0},"end":{"line":1,"column":38}},"1":{"start":{"line":5,"column":13},"end":{"line":5,"column":32}},"2":{"start":{"line":6,"column":21},"end":{"line":6,"column":49}},"3":{"start":{"line":7,"column":16},"end":{"line":7,"column":38}},"4":{"start":{"line":9,"column":22},"end":{"line":9,"column":121}},"5":{"start":{"line":11,"column":31},"end":{"line":31,"column":2}},"6":{"start":{"line":11,"column":61},"end":{"line":31,"column":2}},"7":{"start":{"line":12,"column":4},"end":{"line":30,"column":null}},"8":{"start":{"line":13,"column":23},"end":{"line":16,"column":10}},"9":{"start":{"line":18,"column":19},"end":{"line":18,"column":39}},"10":{"start":{"line":20,"column":8},"end":{"line":20,"column":52}},"11":{"start":{"line":22,"column":8},"end":{"line":27,"column":10}},"12":{"start":{"line":29,"column":8},"end":{"line":29,"column":81}},"13":{"start":{"line":11,"column":13},"end":{"line":11,"column":31}}},"fnMap":{"0":{"name":"(anonymous_7)","decl":{"start":{"line":11,"column":31},"end":{"line":11,"column":59}},"loc":{"start":{"line":11,"column":61},"end":{"line":31,"column":2}}},"1":{"name":"(anonymous_8)","decl":{"start":{"line":11,"column":61},"end":{"line":11,"column":null}},"loc":{"start":{"line":11,"column":61},"end":{"line":31,"column":1}}}},"branchMap":{},"s":{"0":1,"1":1,"2":1,"3":1,"4":1,"5":1,"6":1,"7":1,"8":1,"9":1,"10":1,"11":1,"12":0,"13":1},"f":{"0":1,"1":1},"b":{}}
,"/Users/kolaadebayo/Desktop/FULLSTACK/web/TicketYoga/backend/src/services/authentication.service.ts": {"path":"/Users/kolaadebayo/Desktop/FULLSTACK/web/TicketYoga/backend/src/services/authentication.service.ts","statementMap":{"0":{"start":{"line":1,"column":0},"end":{"line":1,"column":28}},"1":{"start":{"line":5,"column":0},"end":{"line":5,"column":64}},"2":{"start":{"line":6,"column":0},"end":{"line":6,"column":36}},"3":{"start":{"line":12,"column":11},"end":{"line":14,"column":6}},"4":{"start":{"line":13,"column":8},"end":{"line":13,"column":49}},"5":{"start":{"line":19,"column":11},"end":{"line":45,"column":6}},"6":{"start":{"line":22,"column":26},"end":{"line":45,"column":6}},"7":{"start":{"line":23,"column":30},"end":{"line":23,"column":36}},"8":{"start":{"line":24,"column":25},"end":{"line":24,"column":50}},"9":{"start":{"line":26,"column":22},"end":{"line":26,"column":60}},"10":{"start":{"line":28,"column":45},"end":{"line":30,"column":23}},"11":{"start":{"line":33,"column":8},"end":{"line":43,"column":null}},"12":{"start":{"line":34,"column":12},"end":{"line":34,"column":42}},"13":{"start":{"line":36,"column":12},"end":{"line":42,"column":14}},"14":{"start":{"line":44,"column":8},"end":{"line":44,"column":39}},"15":{"start":{"line":49,"column":11},"end":{"line":55,"column":6}},"16":{"start":{"line":50,"column":8},"end":{"line":54,"column":null}},"17":{"start":{"line":51,"column":12},"end":{"line":51,"column":40}},"18":{"start":{"line":53,"column":12},"end":{"line":53,"column":81}},"19":{"start":{"line":60,"column":12},"end":{"line":119,"column":6}},"20":{"start":{"line":64,"column":42},"end":{"line":119,"column":6}},"21":{"start":{"line":65,"column":40},"end":{"line":65,"column":46}},"22":{"start":{"line":66,"column":79},"end":{"line":66,"column":107}},"23":{"start":{"line":67,"column":8},"end":{"line":69,"column":null}},"24":{"start":{"line":68,"column":12},"end":{"line":68,"column":81}},"25":{"start":{"line":71,"column":30},"end":{"line":71,"column":81}},"26":{"start":{"line":72,"column":31},"end":{"line":72,"column":85}},"27":{"start":{"line":73,"column":31},"end":{"line":73,"column":109}},"28":{"start":{"line":75,"column":25},"end":{"line":75,"column":76}},"29":{"start":{"line":77,"column":12},"end":{"line":79,"column":22}},"30":{"start":{"line":80,"column":27},"end":{"line":80,"column":97}},"31":{"start":{"line":81,"column":26},"end":{"line":81,"column":100}},"32":{"start":{"line":83,"column":8},"end":{"line":85,"column":null}},"33":{"start":{"line":84,"column":12},"end":{"line":84,"column":81}},"34":{"start":{"line":87,"column":33},"end":{"line":99,"column":null}},"35":{"start":{"line":102,"column":55},"end":{"line":102,"column":77}},"36":{"start":{"line":103,"column":8},"end":{"line":117,"column":null}},"37":{"start":{"line":104,"column":28},"end":{"line":115,"column":14}},"38":{"start":{"line":116,"column":12},"end":{"line":116,"column":46}},"39":{"start":{"line":118,"column":8},"end":{"line":118,"column":49}},"40":{"start":{"line":8,"column":0},"end":{"line":8,"column":13}}},"fnMap":{"0":{"name":"(anonymous_8)","decl":{"start":{"line":8,"column":0},"end":{"line":8,"column":13}},"loc":{"start":{"line":8,"column":0},"end":{"line":120,"column":1}}},"1":{"name":"(anonymous_9)","decl":{"start":{"line":12,"column":35},"end":{"line":12,"column":55}},"loc":{"start":{"line":12,"column":57},"end":{"line":14,"column":5}}},"2":{"name":"(anonymous_10)","decl":{"start":{"line":19,"column":39},"end":{"line":19,"column":46}},"loc":{"start":{"line":22,"column":26},"end":{"line":45,"column":6}}},"3":{"name":"(anonymous_11)","decl":{"start":{"line":22,"column":26},"end":{"line":22,"column":null}},"loc":{"start":{"line":22,"column":26},"end":{"line":45,"column":5}}},"4":{"name":"(anonymous_12)","decl":{"start":{"line":49,"column":28},"end":{"line":49,"column":39}},"loc":{"start":{"line":49,"column":41},"end":{"line":55,"column":5}}},"5":{"name":"(anonymous_13)","decl":{"start":{"line":60,"column":39},"end":{"line":60,"column":46}},"loc":{"start":{"line":64,"column":42},"end":{"line":119,"column":6}}},"6":{"name":"(anonymous_14)","decl":{"start":{"line":64,"column":42},"end":{"line":64,"column":null}},"loc":{"start":{"line":64,"column":42},"end":{"line":119,"column":5}}}},"branchMap":{"0":{"loc":{"start":{"line":24,"column":33},"end":{"line":24,"column":43}},"type":"cond-expr","locations":[{"start":{"line":24,"column":33},"end":{"line":24,"column":43}},{"start":{"line":24,"column":46},"end":{"line":24,"column":50}}]},"1":{"loc":{"start":{"line":29,"column":14},"end":{"line":29,"column":74}},"type":"cond-expr","locations":[{"start":{"line":29,"column":14},"end":{"line":29,"column":74}},{"start":{"line":30,"column":14},"end":{"line":30,"column":23}}]},"2":{"loc":{"start":{"line":33,"column":8},"end":{"line":43,"column":null}},"type":"if","locations":[{"start":{"line":33,"column":8},"end":{"line":43,"column":null}},{"start":{"line":33,"column":8},"end":{"line":43,"column":null}}]},"3":{"loc":{"start":{"line":67,"column":8},"end":{"line":69,"column":null}},"type":"if","locations":[{"start":{"line":67,"column":8},"end":{"line":69,"column":null}},{"start":{"line":67,"column":8},"end":{"line":69,"column":null}}]},"4":{"loc":{"start":{"line":71,"column":64},"end":{"line":71,"column":74}},"type":"cond-expr","locations":[{"start":{"line":71,"column":64},"end":{"line":71,"column":74}},{"start":{"line":71,"column":77},"end":{"line":71,"column":81}}]},"5":{"loc":{"start":{"line":71,"column":30},"end":{"line":71,"column":40}},"type":"binary-expr","locations":[{"start":{"line":71,"column":30},"end":{"line":71,"column":40}},{"start":{"line":71,"column":44},"end":{"line":71,"column":61}}]},"6":{"loc":{"start":{"line":72,"column":67},"end":{"line":72,"column":78}},"type":"cond-expr","locations":[{"start":{"line":72,"column":67},"end":{"line":72,"column":78}},{"start":{"line":72,"column":81},"end":{"line":72,"column":85}}]},"7":{"loc":{"start":{"line":72,"column":31},"end":{"line":72,"column":42}},"type":"binary-expr","locations":[{"start":{"line":72,"column":31},"end":{"line":72,"column":42}},{"start":{"line":72,"column":46},"end":{"line":72,"column":64}}]},"8":{"loc":{"start":{"line":73,"column":83},"end":{"line":73,"column":102}},"type":"cond-expr","locations":[{"start":{"line":73,"column":83},"end":{"line":73,"column":102}},{"start":{"line":73,"column":105},"end":{"line":73,"column":109}}]},"9":{"loc":{"start":{"line":73,"column":31},"end":{"line":73,"column":50}},"type":"binary-expr","locations":[{"start":{"line":73,"column":31},"end":{"line":73,"column":50}},{"start":{"line":73,"column":54},"end":{"line":73,"column":80}}]},"10":{"loc":{"start":{"line":75,"column":41},"end":{"line":75,"column":69}},"type":"cond-expr","locations":[{"start":{"line":75,"column":41},"end":{"line":75,"column":69}},{"start":{"line":75,"column":72},"end":{"line":75,"column":76}}]},"11":{"loc":{"start":{"line":78,"column":18},"end":{"line":78,"column":53}},"type":"cond-expr","locations":[{"start":{"line":78,"column":18},"end":{"line":78,"column":53}},{"start":{"line":79,"column":18},"end":{"line":79,"column":22}}]},"12":{"loc":{"start":{"line":77,"column":12},"end":{"line":77,"column":25}},"type":"binary-expr","locations":[{"start":{"line":77,"column":12},"end":{"line":77,"column":25}},{"start":{"line":77,"column":29},"end":{"line":77,"column":54}},{"start":{"line":77,"column":58},"end":{"line":77,"column":90}}]},"13":{"loc":{"start":{"line":80,"column":69},"end":{"line":80,"column":90}},"type":"cond-expr","locations":[{"start":{"line":80,"column":69},"end":{"line":80,"column":90}},{"start":{"line":80,"column":93},"end":{"line":80,"column":97}}]},"14":{"loc":{"start":{"line":80,"column":27},"end":{"line":80,"column":41}},"type":"binary-expr","locations":[{"start":{"line":80,"column":27},"end":{"line":80,"column":41}},{"start":{"line":80,"column":45},"end":{"line":80,"column":66}}]},"15":{"loc":{"start":{"line":81,"column":70},"end":{"line":81,"column":93}},"type":"cond-expr","locations":[{"start":{"line":81,"column":70},"end":{"line":81,"column":93}},{"start":{"line":81,"column":96},"end":{"line":81,"column":100}}]},"16":{"loc":{"start":{"line":81,"column":26},"end":{"line":81,"column":40}},"type":"binary-expr","locations":[{"start":{"line":81,"column":26},"end":{"line":81,"column":40}},{"start":{"line":81,"column":44},"end":{"line":81,"column":67}}]},"17":{"loc":{"start":{"line":83,"column":8},"end":{"line":85,"column":null}},"type":"if","locations":[{"start":{"line":83,"column":8},"end":{"line":85,"column":null}},{"start":{"line":83,"column":8},"end":{"line":85,"column":null}}]},"18":{"loc":{"start":{"line":83,"column":12},"end":{"line":83,"column":21}},"type":"binary-expr","locations":[{"start":{"line":83,"column":12},"end":{"line":83,"column":21}},{"start":{"line":83,"column":25},"end":{"line":83,"column":32}},{"start":{"line":83,"column":36},"end":{"line":83,"column":47}},{"start":{"line":83,"column":51},"end":{"line":83,"column":61}}]},"19":{"loc":{"start":{"line":103,"column":8},"end":{"line":117,"column":null}},"type":"if","locations":[{"start":{"line":103,"column":8},"end":{"line":117,"column":null}},{"start":{"line":103,"column":8},"end":{"line":117,"column":null}}]}},"s":{"0":1,"1":1,"2":1,"3":1,"4":1,"5":1,"6":0,"7":0,"8":0,"9":0,"10":0,"11":0,"12":0,"13":0,"14":0,"15":1,"16":1,"17":1,"18":0,"19":1,"20":0,"21":0,"22":0,"23":0,"24":0,"25":0,"26":0,"27":0,"28":0,"29":0,"30":0,"31":0,"32":0,"33":0,"34":0,"35":0,"36":0,"37":0,"38":0,"39":0,"40":1},"f":{"0":1,"1":1,"2":0,"3":0,"4":1,"5":0,"6":0},"b":{"0":[0,0],"1":[0,0],"2":[0,0],"3":[0,0],"4":[0,0],"5":[0,0],"6":[0,0],"7":[0,0],"8":[0,0],"9":[0,0],"10":[0,0],"11":[0,0],"12":[0,0,0],"13":[0,0],"14":[0,0],"15":[0,0],"16":[0,0],"17":[0,0],"18":[0,0,0,0],"19":[0,0]}}
,"/Users/kolaadebayo/Desktop/FULLSTACK/web/TicketYoga/backend/src/services/decorators/index.ts": {"path":"/Users/kolaadebayo/Desktop/FULLSTACK/web/TicketYoga/backend/src/services/decorators/index.ts","statementMap":{"0":{"start":{"line":3,"column":27},"end":{"line":3,"column":43}},"1":{"start":{"line":5,"column":4},"end":{"line":16,"column":6}},"2":{"start":{"line":6,"column":8},"end":{"line":9,"column":10}},"3":{"start":{"line":10,"column":23},"end":{"line":10,"column":55}},"4":{"start":{"line":12,"column":8},"end":{"line":15,"column":10}},"5":{"start":{"line":2,"column":0},"end":{"line":2,"column":16}}},"fnMap":{"0":{"name":"log","decl":{"start":{"line":2,"column":16},"end":{"line":2,"column":19}},"loc":{"start":{"line":2,"column":87},"end":{"line":17,"column":1}}},"1":{"name":"(anonymous_1)","decl":{"start":{"line":5,"column":23},"end":{"line":5,"column":33}},"loc":{"start":{"line":5,"column":47},"end":{"line":16,"column":5}}}},"branchMap":{},"s":{"0":1,"1":1,"2":0,"3":0,"4":0,"5":1},"f":{"0":1,"1":0},"b":{}}
,"/Users/kolaadebayo/Desktop/FULLSTACK/web/TicketYoga/backend/src/services/helpers/Error.helper.ts": {"path":"/Users/kolaadebayo/Desktop/FULLSTACK/web/TicketYoga/backend/src/services/helpers/Error.helper.ts","statementMap":{"0":{"start":{"line":1,"column":0},"end":{"line":1,"column":36}},"1":{"start":{"line":3,"column":0},"end":{"line":3,"column":null}},"2":{"start":{"line":5,"column":4},"end":{"line":5,"column":null}},"3":{"start":{"line":6,"column":4},"end":{"line":6,"column":null}},"4":{"start":{"line":7,"column":4},"end":{"line":7,"column":null}},"5":{"start":{"line":9,"column":4},"end":{"line":9,"column":null}},"6":{"start":{"line":12,"column":22},"end":{"line":17,"column":2}},"7":{"start":{"line":23,"column":8},"end":{"line":23,"column":47}},"8":{"start":{"line":22,"column":4},"end":{"line":24,"column":null}},"9":{"start":{"line":19,"column":0},"end":{"line":19,"column":13}}},"fnMap":{"0":{"name":"(anonymous_1)","decl":{"start":{"line":3,"column":0},"end":{"line":3,"column":12}},"loc":{"start":{"line":3,"column":21},"end":{"line":10,"column":1}}},"1":{"name":"(anonymous_2)","decl":{"start":{"line":22,"column":11},"end":{"line":22,"column":25}},"loc":{"start":{"line":22,"column":43},"end":{"line":24,"column":5}}}},"branchMap":{"0":{"loc":{"start":{"line":3,"column":12},"end":{"line":3,"column":21}},"type":"binary-expr","locations":[{"start":{"line":3,"column":12},"end":{"line":3,"column":21}},{"start":{"line":3,"column":12},"end":{"line":3,"column":null}}]}},"s":{"0":1,"1":1,"2":1,"3":1,"4":1,"5":1,"6":1,"7":0,"8":1,"9":1},"f":{"0":1,"1":0},"b":{"0":[1,1]}}
,"/Users/kolaadebayo/Desktop/FULLSTACK/web/TicketYoga/backend/src/services/requests/Google.ts": {"path":"/Users/kolaadebayo/Desktop/FULLSTACK/web/TicketYoga/backend/src/services/requests/Google.ts","statementMap":{"0":{"start":{"line":1,"column":0},"end":{"line":1,"column":36}},"1":{"start":{"line":5,"column":0},"end":{"line":5,"column":65}},"2":{"start":{"line":7,"column":13},"end":{"line":10,"column":null}},"3":{"start":{"line":13,"column":13},"end":{"line":54,"column":2}},"4":{"start":{"line":18,"column":8},"end":{"line":29,"column":null}},"5":{"start":{"line":19,"column":12},"end":{"line":26,"column":15}},"6":{"start":{"line":28,"column":12},"end":{"line":28,"column":85}},"7":{"start":{"line":35,"column":58},"end":{"line":53,"column":null}},"8":{"start":{"line":36,"column":8},"end":{"line":52,"column":null}},"9":{"start":{"line":37,"column":31},"end":{"line":37,"column":56}},"10":{"start":{"line":39,"column":38},"end":{"line":39,"column":91}},"11":{"start":{"line":40,"column":39},"end":{"line":40,"column":94}},"12":{"start":{"line":42,"column":12},"end":{"line":42,"column":40}},"13":{"start":{"line":44,"column":29},"end":{"line":47,"column":14}},"14":{"start":{"line":49,"column":12},"end":{"line":49,"column":90}},"15":{"start":{"line":51,"column":12},"end":{"line":51,"column":98}}},"fnMap":{"0":{"name":"(anonymous_7)","decl":{"start":{"line":17,"column":13},"end":{"line":17,"column":24}},"loc":{"start":{"line":17,"column":26},"end":{"line":30,"column":5}}},"1":{"name":"(anonymous_8)","decl":{"start":{"line":35,"column":11},"end":{"line":35,"column":18}},"loc":{"start":{"line":35,"column":58},"end":{"line":53,"column":null}}},"2":{"name":"(anonymous_9)","decl":{"start":{"line":35,"column":58},"end":{"line":35,"column":null}},"loc":{"start":{"line":35,"column":58},"end":{"line":53,"column":5}}}},"branchMap":{"0":{"loc":{"start":{"line":39,"column":60},"end":{"line":39,"column":79}},"type":"cond-expr","locations":[{"start":{"line":39,"column":60},"end":{"line":39,"column":79}},{"start":{"line":39,"column":82},"end":{"line":39,"column":91}}]},"1":{"loc":{"start":{"line":40,"column":62},"end":{"line":40,"column":82}},"type":"cond-expr","locations":[{"start":{"line":40,"column":62},"end":{"line":40,"column":82}},{"start":{"line":40,"column":85},"end":{"line":40,"column":94}}]}},"s":{"0":1,"1":1,"2":1,"3":1,"4":1,"5":1,"6":0,"7":0,"8":0,"9":0,"10":0,"11":0,"12":0,"13":0,"14":0,"15":0},"f":{"0":1,"1":0,"2":0},"b":{"0":[0,0],"1":[0,0]}}
,"/Users/kolaadebayo/Desktop/FULLSTACK/web/TicketYoga/backend/src/services/requests/index.ts": {"path":"/Users/kolaadebayo/Desktop/FULLSTACK/web/TicketYoga/backend/src/services/requests/index.ts","statementMap":{"0":{"start":{"line":1,"column":0},"end":{"line":1,"column":25}}},"fnMap":{},"branchMap":{},"s":{"0":1},"f":{},"b":{}}
}
