TN:
SF:src/database/index.ts
FN:11,(anonymous_7)
FN:11,(anonymous_8)
FNF:2
FNH:0
FNDA:0,(anonymous_7)
FNDA:0,(anonymous_8)
DA:1,1
DA:5,1
DA:6,1
DA:7,1
DA:9,1
DA:11,1
DA:12,0
DA:13,0
DA:18,0
DA:20,0
DA:22,0
DA:29,0
LF:12
LH:6
BRF:0
BRH:0
end_of_record
TN:
SF:src/services/authentication.service.ts
FN:9,(anonymous_8)
FN:19,(anonymous_9)
FN:26,(anonymous_10)
FN:31,(anonymous_11)
FN:59,(anonymous_12)
FN:72,(anonymous_13)
FN:77,(anonymous_14)
FN:140,(anonymous_15)
FN:145,(anonymous_16)
FNF:9
FNH:2
FNDA:1,(anonymous_8)
FNDA:1,(anonymous_9)
FNDA:0,(anonymous_10)
FNDA:0,(anonymous_11)
FNDA:0,(anonymous_12)
FNDA:0,(anonymous_13)
FNDA:0,(anonymous_14)
FNDA:0,(anonymous_15)
FNDA:0,(anonymous_16)
DA:1,1
DA:6,1
DA:7,1
DA:9,1
DA:10,1
DA:19,1
DA:20,1
DA:26,1
DA:31,0
DA:32,0
DA:33,0
DA:35,0
DA:37,0
DA:42,0
DA:43,0
DA:45,0
DA:53,0
DA:59,1
DA:60,0
DA:61,0
DA:62,0
DA:63,0
DA:65,0
DA:72,1
DA:77,0
DA:78,0
DA:79,0
DA:80,0
DA:81,0
DA:84,0
DA:85,0
DA:86,0
DA:88,0
DA:90,0
DA:93,0
DA:94,0
DA:96,0
DA:97,0
DA:100,0
DA:115,0
DA:116,0
DA:117,0
DA:129,0
DA:132,0
DA:137,0
DA:140,1
DA:145,0
DA:146,0
DA:147,0
DA:149,0
DA:157,0
DA:159,0
DA:160,0
DA:162,0
DA:164,0
LF:55
LH:11
BRDA:14,0,0,0
BRDA:14,0,1,1
BRDA:33,1,0,0
BRDA:33,1,1,0
BRDA:38,2,0,0
BRDA:38,2,1,0
BRDA:42,3,0,0
BRDA:42,3,1,0
BRDA:80,4,0,0
BRDA:80,4,1,0
BRDA:84,5,0,0
BRDA:84,5,1,0
BRDA:84,6,0,0
BRDA:84,6,1,0
BRDA:85,7,0,0
BRDA:85,7,1,0
BRDA:85,8,0,0
BRDA:85,8,1,0
BRDA:86,9,0,0
BRDA:86,9,1,0
BRDA:86,10,0,0
BRDA:86,10,1,0
BRDA:88,11,0,0
BRDA:88,11,1,0
BRDA:91,12,0,0
BRDA:91,12,1,0
BRDA:90,13,0,0
BRDA:90,13,1,0
BRDA:90,13,2,0
BRDA:93,14,0,0
BRDA:93,14,1,0
BRDA:93,15,0,0
BRDA:93,15,1,0
BRDA:94,16,0,0
BRDA:94,16,1,0
BRDA:94,17,0,0
BRDA:94,17,1,0
BRDA:96,18,0,0
BRDA:96,18,1,0
BRDA:96,19,0,0
BRDA:96,19,1,0
BRDA:96,19,2,0
BRDA:96,19,3,0
BRDA:116,20,0,0
BRDA:116,20,1,0
BRDA:159,21,0,0
BRDA:159,21,1,0
BRF:47
BRH:1
end_of_record
TN:
SF:src/services/decorators/index.ts
FN:2,log
FN:5,(anonymous_1)
FNF:2
FNH:1
FNDA:1,log
FNDA:0,(anonymous_1)
DA:2,1
DA:3,1
DA:5,1
DA:6,0
DA:10,0
DA:12,0
LF:6
LH:3
BRF:0
BRH:0
end_of_record
TN:
SF:src/services/helpers/Error.helper.ts
FN:3,(anonymous_1)
FN:27,(anonymous_2)
FNF:2
FNH:1
FNDA:1,(anonymous_1)
FNDA:0,(anonymous_2)
DA:1,1
DA:3,1
DA:5,1
DA:6,1
DA:7,1
DA:9,1
DA:10,1
DA:12,1
DA:15,1
DA:24,1
DA:27,1
DA:28,0
LF:12
LH:11
BRDA:3,0,0,1
BRDA:3,0,1,1
BRF:2
BRH:2
end_of_record
TN:
SF:src/services/requests/Google.ts
FN:17,(anonymous_7)
FN:35,(anonymous_8)
FN:35,(anonymous_9)
FNF:3
FNH:1
FNDA:1,(anonymous_7)
FNDA:0,(anonymous_8)
FNDA:0,(anonymous_9)
DA:1,1
DA:5,1
DA:7,1
DA:13,1
DA:18,1
DA:19,1
DA:28,0
DA:35,0
DA:36,0
DA:37,0
DA:39,0
DA:40,0
DA:42,0
DA:44,0
DA:49,0
DA:51,0
LF:16
LH:6
BRDA:39,0,0,0
BRDA:39,0,1,0
BRDA:40,1,0,0
BRDA:40,1,1,0
BRF:4
BRH:0
end_of_record
TN:
SF:src/services/requests/index.ts
FNF:0
FNH:0
DA:1,1
LF:1
LH:1
BRF:0
BRH:0
end_of_record
